2024-11-23 18:47:24,975 INFO  [main] Starting Chrome browser in normal mode...
2024-11-23 18:47:29,349 INFO  [main] Navigating to page: http://localhost:8081/
2024-11-23 18:47:31,956 INFO  [main] Navigating to page: http://localhost:8081/
2024-11-23 18:47:34,151 INFO  [main] Finding element with locator: By.xpath: //h1[@class='mb-3 bread']
2024-11-23 18:47:34,560 INFO  [main] Closing Browser...
2024-11-23 18:47:35,010 INFO  [main] Starting Chrome browser in normal mode...
2024-11-23 18:47:37,903 INFO  [main] Navigating to page: http://localhost:8081/
2024-11-23 18:47:38,296 INFO  [main] Navigating to page: http://localhost:8081/
2024-11-23 18:47:40,283 INFO  [main] Finding element with locator: By.xpath: //a[normalize-space()='LOGOUT']
2024-11-23 18:47:40,307 INFO  [main] Closing Browser...
2024-11-23 18:47:40,458 INFO  [main] Starting Chrome browser in normal mode...
2024-11-23 18:47:43,700 INFO  [main] Navigating to page: http://localhost:8081/
2024-11-23 18:47:44,270 INFO  [main] Navigating to page: http://localhost:8081/
2024-11-23 18:47:48,696 INFO  [main] Finding element with locator: By.xpath: //i[normalize-space()='You have been logged out.']
2024-11-23 18:47:48,849 INFO  [main] Closing Browser...
2024-11-23 18:47:49,015 INFO  [main] Quiting driver...
2024-11-23 18:47:49,130 INFO  [main] Starting Chrome browser in normal mode...
2024-11-23 18:47:51,464 INFO  [main] Navigating to page: http://localhost:8081/
2024-11-23 18:47:52,187 INFO  [main] Navigating to page: http://localhost:8081/
2024-11-23 18:47:56,881 INFO  [main] Closing Browser...
2024-11-23 18:47:57,069 INFO  [main] Starting Chrome browser in normal mode...
2024-11-23 18:47:59,622 INFO  [main] Navigating to page: http://localhost:8081/
2024-11-23 18:48:00,311 INFO  [main] Navigating to page: http://localhost:8081/
2024-11-23 18:48:04,380 INFO  [main] Finding element with locator: By.xpath: //body//section[@class='ftco-section ftco-candidates ftco-candidates-2 bg-light']//div[@class='row']//div[@class='row']//div[1]//div[1]//div[2]//p[3]//a[1]
2024-11-23 18:48:04,419 INFO  [main] Closing Browser...
2024-11-23 18:48:04,572 INFO  [main] Starting Chrome browser in normal mode...
2024-11-23 18:48:07,519 INFO  [main] Navigating to page: http://localhost:8081/
2024-11-23 18:48:07,873 INFO  [main] Navigating to page: http://localhost:8081/
2024-11-23 18:48:13,920 INFO  [main] Finding element with locator: By.xpath: //h1[@class='mb-3 bread']
2024-11-23 18:48:14,463 INFO  [main] Closing Browser...
2024-11-23 18:48:14,636 INFO  [main] Starting Chrome browser in normal mode...
2024-11-23 18:48:16,752 INFO  [main] Navigating to page: http://localhost:8081/
2024-11-23 18:48:17,076 INFO  [main] Navigating to page: http://localhost:8081/
2024-11-23 18:48:22,658 INFO  [main] Getting page source...
2024-11-23 18:48:22,667 INFO  [main] Closing Browser...
2024-11-23 18:48:22,779 INFO  [main] Starting Chrome browser in normal mode...
2024-11-23 18:48:25,080 INFO  [main] Navigating to page: http://localhost:8081/
2024-11-23 18:48:25,664 INFO  [main] Navigating to page: http://localhost:8081/
2024-11-23 18:48:29,691 INFO  [main] Closing Browser...
2024-11-23 18:48:29,784 INFO  [main] Quiting driver...
2024-11-23 18:48:29,857 INFO  [main] Starting Chrome browser in normal mode...
2024-11-23 18:48:31,790 INFO  [main] Navigating to page: http://localhost:8081/
2024-11-23 18:48:31,904 INFO  [main] Navigating to page: http://localhost:8081/
2024-11-23 18:48:37,342 INFO  [main] Finding element with locator: By.xpath: //a[contains(text(),'edit')]
2024-11-23 18:48:37,996 INFO  [main] Finding element with locator: By.xpath: //button[contains(text(),'Update My')]
2024-11-23 18:48:38,258 INFO  [main] Getting page source...
2024-11-23 18:48:38,265 INFO  [main] Closing Browser...
2024-11-23 18:48:38,446 INFO  [main] Starting Chrome browser in normal mode...
2024-11-23 18:48:40,550 INFO  [main] Navigating to page: http://localhost:8081/
2024-11-23 18:48:40,852 INFO  [main] Navigating to page: http://localhost:8081/
2024-11-23 18:48:42,525 INFO  [main] Finding element with locator: By.xpath: //a[normalize-space()='LOGOUT']
2024-11-23 18:48:42,547 INFO  [main] Closing Browser...
2024-11-23 18:48:42,638 INFO  [main] Starting Chrome browser in normal mode...
2024-11-23 18:48:44,328 INFO  [main] Navigating to page: http://localhost:8081/
2024-11-23 18:48:44,649 INFO  [main] Navigating to page: http://localhost:8081/
2024-11-23 18:48:46,740 INFO  [main] Finding element with locator: By.xpath: //i[normalize-space()='You have been logged out.']
2024-11-23 18:48:46,761 INFO  [main] Closing Browser...
2024-11-23 18:48:46,858 INFO  [main] Starting Chrome browser in normal mode...
2024-11-23 18:48:48,808 INFO  [main] Navigating to page: http://localhost:8081/
2024-11-23 18:48:49,144 INFO  [main] Navigating to page: http://localhost:8081/
2024-11-23 18:48:50,180 INFO  [main] Finding element with locator: By.xpath: //h1[@class='mb-3 bread']
2024-11-23 18:48:50,724 INFO  [main] Closing Browser...
2024-11-23 18:48:50,864 INFO  [main] Quiting driver...
2024-11-23 18:48:50,926 INFO  [main] Starting Chrome browser in normal mode...
2024-11-23 18:48:52,646 INFO  [main] Navigating to page: http://localhost:8081/
2024-11-23 18:48:53,072 INFO  [main] Navigating to page: http://localhost:8081/
2024-11-23 18:48:56,598 INFO  [main] Finding element with locator: By.xpath: //input[@value='connect']
2024-11-23 18:48:56,618 INFO  [main] Closing Browser...
2024-11-23 18:48:56,715 INFO  [main] Starting Chrome browser in normal mode...
2024-11-23 18:48:58,560 INFO  [main] Navigating to page: http://localhost:8081/
2024-11-23 18:48:58,857 INFO  [main] Navigating to page: http://localhost:8081/
2024-11-23 18:49:02,517 INFO  [main] Finding element with locator: By.xpath: //div[normalize-space()='Good job! You have send friend request!']
2024-11-23 18:49:02,625 INFO  [main] Closing Browser...
2024-11-23 18:49:02,730 INFO  [main] Starting Chrome browser in normal mode...
2024-11-23 18:49:04,602 INFO  [main] Navigating to page: http://localhost:8081/
2024-11-23 18:49:04,914 INFO  [main] Navigating to page: http://localhost:8081/
2024-11-23 18:49:07,194 INFO  [main] Navigating to page: http://localhost:8081/
2024-11-23 18:49:10,661 INFO  [main] Navigating to page: http://localhost:8081/
2024-11-23 18:49:13,135 INFO  [main] Navigating to page: http://localhost:8081/
2024-11-23 18:49:14,264 INFO  [main] Finding element with locator: By.xpath: //input[@value='disconnect']
2024-11-23 18:49:14,653 INFO  [main] Finding element with locator: By.xpath: //input[@value='connect']
2024-11-23 18:49:14,670 INFO  [main] Closing Browser...
2024-11-23 18:49:14,826 INFO  [main] Starting Chrome browser in normal mode...
2024-11-23 18:49:16,918 INFO  [main] Navigating to page: http://localhost:8081/
2024-11-23 18:49:17,224 INFO  [main] Navigating to page: http://localhost:8081/
2024-11-23 18:49:19,474 INFO  [main] Navigating to page: http://localhost:8081/
2024-11-23 18:49:23,089 INFO  [main] Navigating to page: http://localhost:8081/
2024-11-23 18:49:25,376 INFO  [main] Finding element with locator: By.xpath: //h3[@class='mb-3 bread']
2024-11-23 18:49:25,933 INFO  [main] Closing Browser...
2024-11-23 18:49:26,072 INFO  [main] Quiting driver...
2024-11-23 18:49:26,164 INFO  [main] Starting Chrome browser in normal mode...
2024-11-23 18:49:28,571 INFO  [main] Navigating to page: http://localhost:8081/
2024-11-23 18:49:28,714 INFO  [main] Navigating to page: http://localhost:8081/
2024-11-23 18:49:33,186 INFO  [main] Getting page source...
2024-11-23 18:49:33,193 INFO  [main] Closing Browser...
2024-11-23 18:49:33,372 INFO  [main] Starting Chrome browser in normal mode...
2024-11-23 18:49:35,671 INFO  [main] Navigating to page: http://localhost:8081/
2024-11-23 18:49:36,028 INFO  [main] Navigating to page: http://localhost:8081/
2024-11-23 18:49:42,166 INFO  [main] Closing Browser...
2024-11-23 18:49:42,317 INFO  [main] Starting Chrome browser in normal mode...
2024-11-23 18:49:44,068 INFO  [main] Navigating to page: http://localhost:8081/
2024-11-23 18:49:44,155 INFO  [main] Navigating to page: http://localhost:8081/
2024-11-23 18:49:49,795 INFO  [main] Finding element with locator: By.xpath: //h1[@class='mb-3 bread']
2024-11-23 18:49:50,337 INFO  [main] Closing Browser...
2024-11-23 18:49:50,435 INFO  [main] Starting Chrome browser in normal mode...
2024-11-23 18:49:52,132 INFO  [main] Navigating to page: http://localhost:8081/
2024-11-23 18:49:52,469 INFO  [main] Navigating to page: http://localhost:8081/
2024-11-23 18:49:58,203 INFO  [main] Closing Browser...
2024-11-23 18:49:58,361 INFO  [main] Starting Chrome browser in normal mode...
2024-11-23 18:50:00,095 INFO  [main] Navigating to page: http://localhost:8081/
2024-11-23 18:50:00,410 INFO  [main] Navigating to page: http://localhost:8081/
2024-11-23 18:50:06,848 INFO  [main] Getting page source...
2024-11-23 18:50:06,856 INFO  [main] Closing Browser...
2024-11-23 18:50:06,938 INFO  [main] Quiting driver...
